This is pdfTeX, Version 3.141592653-2.6-1.40.26 (TeX Live 2024) (preloaded format=pdflatex 2025.1.21)  23 JAN 2025 21:26
entering extended mode
 restricted \write18 enabled.
 %&-line parsing enabled.
**/Users/anandhukrishnanav/CascadeProjects/job_application_automator/job_applic
ation_automator/output/cover_letter.tex

(/Users/anandhukrishnanav/CascadeProjects/job_application_automator/job_applica
tion_automator/output/cover_letter.tex
LaTeX2e <2023-11-01> patch level 1
L3 programming layer <2024-02-20>

! LaTeX Error: Missing \begin{document}.

See the LaTeX manual or LaTeX Companion for explanation.
Type  H <return>  for immediate help.
 ...                                              
                                                  
l.1 H
     ere is a cover letter in LaTeX format using the provided information:
? 
! Emergency stop.
 ...                                              
                                                  
l.1 H
     ere is a cover letter in LaTeX format using the provided information:
You're in trouble here.  Try typing  <return>  to proceed.
If that doesn't work, type  X <return>  to quit.

 
Here is how much of TeX's memory you used:
 18 strings out of 475567
 934 string characters out of 5777889
 1925187 words of memory out of 5000000
 22266 multiletter control sequences out of 15000+600000
 558069 words of font info for 36 fonts, out of 8000000 for 9000
 319 hyphenation exceptions out of 8191
 15i,0n,18p,222b,14s stack positions out of 10000i,1000n,20000p,200000b,200000s
!  ==> Fatal error occurred, no output PDF file produced!
